<?xml version="1.0" encoding="UTF-8"?>
<testng-results ignored="0" total="1" passed="1" failed="0" skipped="0">
  <reporter-output>
  </reporter-output>
  <suite started-at="2019-12-06T17:58:46Z" name="Default suite" finished-at="2019-12-06T17:58:51Z" duration-ms="4026">
    <groups>
    </groups>
    <test started-at="2019-12-06T17:58:46Z" name="Default test" finished-at="2019-12-06T17:58:51Z" duration-ms="4026">
      <class name="ThermosteelFirst.ThermosteelThirdAddandDelete">
        <test-method signature="thirdAddDele()[pri:0, instance:ThermosteelFirst.ThermosteelThirdAddandDelete@687e99d8]" started-at="2019-12-06T17:58:47Z" name="thirdAddDele" finished-at="2019-12-06T17:58:51Z" duration-ms="3983" status="PASS">
          <reporter-output>
          </reporter-output>
        </test-method> <!-- thirdAddDele -->
      </class> <!-- ThermosteelFirst.ThermosteelThirdAddandDelete -->
    </test> <!-- Default test -->
  </suite> <!-- Default suite -->
</testng-results>
